#
# A fatal error has been detected by the Java Runtime Environment:
#
#  EXCEPTION_ACCESS_VIOLATION (0xc0000005) at pc=0x70612065, pid=10308, tid=0x00003074
#
# JRE version: Java(TM) SE Runtime Environment (8.0_241-b07) (build 1.8.0_241-b07)
# Java VM: Java HotSpot(TM) Client VM (25.241-b07 mixed mode, sharing windows-x86 )
# Problematic frame:
# C  0x70612065
#
# Failed to write core dump. Minidumps are not enabled by default on client versions of Windows
#
# If you would like to submit a bug report, please visit:
#   http://bugreport.java.com/bugreport/crash.jsp
# The crash happened outside the Java Virtual Machine in native code.
# See problematic frame for where to report the bug.
#

---------------  T H R E A D  ---------------

Current thread (0x154d5400):  JavaThread "Thread-2" daemon [_thread_in_native, id=12404, stack(0x17220000,0x17270000)]

siginfo: ExceptionCode=0xc0000005, ExceptionInformation=0x00000008 0x70612065

Registers:
EAX=0x6c6f7320, EBX=0x6a807c40, ECX=0x14bb5e29, EDX=0x6c6f7320
ESP=0x1726eea0, EBP=0x64206475, ESI=0x1468e810, EDI=0x154d5400
EIP=0x70612065, EFLAGS=0x00010216

Top of Stack: (sp=0x1726eea0)
0x1726eea0:   6163696c 6ef36963 0a0a0d2e 7ceb6900
0x1726eeb0:   1726eed8 75812196 abababab 77a01e4c
0x1726eec0:   758121ba 000007a4 000007a4 00000000
0x1726eed0:   77a01d9c 758c241b 1726eef8 758c242a
0x1726eee0:   000007a4 1468e810 154d5400 6a807c40
0x1726eef0:   00000000 00000004 1726f178 16035169
0x1726ef00:   00000564 1726f174 023b9964 1726ef54
0x1726ef10:   0234d359 154d5400 022b0697 022b0697 

Instructions: (pc=0x70612065)
0x70612045:   
[error occurred during error reporting (printing registers, top of stack, instructions near pc), id 0xc0000005]

Register to memory mapping:

EAX=0x6c6f7320 is an unknown value
EBX=0x6a807c40 is an unknown value
ECX=0x14bb5e29 is an unknown value
EDX=0x6c6f7320 is an unknown value
ESP=0x1726eea0 is pointing into the stack for thread: 0x154d5400
EBP=0x64206475 is an unknown value
ESI={method} {0x1468e814} 'eventLoop' '()V' in 'gnu/io/RXTXPort'
EDI=0x154d5400 is a thread


Stack: [0x17220000,0x17270000],  sp=0x1726eea0,  free space=315k
Native frames: (J=compiled Java code, j=interpreted, Vv=VM code, C=native code)
C  0x70612065

Java frames: (J=compiled Java code, j=interpreted, Vv=VM code)
j  gnu.io.RXTXPort.eventLoop()V+0
j  gnu.io.RXTXPort$MonitorThread.run()V+12
v  ~StubRoutines::call_stub

---------------  P R O C E S S  ---------------

Java Threads: ( => current thread )
=>0x154d5400 JavaThread "Thread-2" daemon [_thread_in_native, id=12404, stack(0x17220000,0x17270000)]
  0x154d7000 JavaThread "DestroyJavaVM" [_thread_blocked, id=15792, stack(0x007b0000,0x00800000)]
  0x154d6800 JavaThread "AWT-EventQueue-0" [_thread_in_native, id=5544, stack(0x16560000,0x165b0000)]
  0x154d8800 JavaThread "AWT-Windows" daemon [_thread_in_native, id=4804, stack(0x15e90000,0x15ee0000)]
  0x154d6400 JavaThread "AWT-Shutdown" [_thread_blocked, id=13708, stack(0x15820000,0x15870000)]
  0x154d5000 JavaThread "Java2D Disposer" daemon [_thread_blocked, id=2672, stack(0x15790000,0x157e0000)]
  0x02263800 JavaThread "Service Thread" daemon [_thread_blocked, id=7932, stack(0x15300000,0x15350000)]
  0x02244c00 JavaThread "C1 CompilerThread0" daemon [_thread_blocked, id=8540, stack(0x152b0000,0x15300000)]
  0x02244000 JavaThread "Attach Listener" daemon [_thread_blocked, id=4360, stack(0x14bc0000,0x14c10000)]
  0x02240800 JavaThread "Signal Dispatcher" daemon [_thread_blocked, id=9792, stack(0x14b30000,0x14b80000)]
  0x02235000 JavaThread "Finalizer" daemon [_thread_blocked, id=13040, stack(0x14980000,0x149d0000)]
  0x021d7000 JavaThread "Reference Handler" daemon [_thread_blocked, id=17124, stack(0x148f0000,0x14940000)]

Other Threads:
  0x021d4400 VMThread [stack: 0x14860000,0x148b0000] [id=17612]
  0x0227a000 WatcherThread [stack: 0x15390000,0x153e0000] [id=18248]

VM state:not at safepoint (normal execution)

VM Mutex/Monitor currently owned by a thread: None

Heap:
 def new generation   total 4928K, used 1720K [0x04400000, 0x04950000, 0x09950000)
  eden space 4416K,  34% used [0x04400000, 0x0457e830, 0x04850000)
  from space 512K,  37% used [0x04850000, 0x0487f838, 0x048d0000)
  to   space 512K,   0% used [0x048d0000, 0x048d0000, 0x04950000)
 tenured generation   total 10944K, used 3960K [0x09950000, 0x0a400000, 0x14400000)
   the space 10944K,  36% used [0x09950000, 0x09d2e0a0, 0x09d2e200, 0x0a400000)
 Metaspace       used 1220K, capacity 2698K, committed 2752K, reserved 4480K

Card table byte_map: [0x04330000,0x043c0000] byte_map_base: 0x0430e000

Polling page: 0x00800000

CodeCache: size=32768Kb used=1106Kb max_used=1106Kb free=31661Kb
 bounds [0x022b0000, 0x023c8000, 0x042b0000]
 total_blobs=532 nmethods=301 adapters=162
 compilation: enabled

Compilation events (10 events):
Event: 316.902 Thread 0x02244c00  299             java.awt.EventQueue::eventToCacheIndex (80 bytes)
Event: 316.902 Thread 0x02244c00 nmethod 299 0x02366c08 code [0x02366d00, 0x02366e50]
Event: 316.999 Thread 0x02244c00  300             sun.awt.AWTAutoShutdown::notifyToolkitThreadBusy (8 bytes)
Event: 316.999 Thread 0x02244c00 nmethod 300 0x02366a08 code [0x02366b00, 0x02366b8c]
Event: 316.999 Thread 0x02244c00  301             sun.awt.AWTAutoShutdown::notifyToolkitThreadFree (8 bytes)
Event: 316.999 Thread 0x02244c00 nmethod 301 0x02366808 code [0x02366900, 0x0236698c]
Event: 317.361 Thread 0x02244c00  302             java.awt.Container::getMouseEventTarget (50 bytes)
Event: 317.361 Thread 0x02244c00 nmethod 302 0x02366508 code [0x02366610, 0x02366748]
Event: 317.902 Thread 0x02244c00  303             gnu.io.RXTXCommDriver::registerScannedPorts (1420 bytes)
Event: 317.909 Thread 0x02244c00 nmethod 303 0x023bd1c8 code [0x023bd9c0, 0x023c28c4]

GC Heap History (4 events):
Event: 0.317 GC heap before
{Heap before GC invocations=0 (full 0):
 def new generation   total 4928K, used 4416K [0x04400000, 0x04950000, 0x09950000)
  eden space 4416K, 100% used [0x04400000, 0x04850000, 0x04850000)
  from space 512K,   0% used [0x04850000, 0x04850000, 0x048d0000)
  to   space 512K,   0% used [0x048d0000, 0x048d0000, 0x04950000)
 tenured generation   total 10944K, used 0K [0x09950000, 0x0a400000, 0x14400000)
   the space 10944K,   0% used [0x09950000, 0x09950000, 0x09950200, 0x0a400000)
 Metaspace       used 953K, capacity 2594K, committed 2624K, reserved 4480K
Event: 0.325 GC heap after
Heap after GC invocations=1 (full 0):
 def new generation   total 4928K, used 512K [0x04400000, 0x04950000, 0x09950000)
  eden space 4416K,   0% used [0x04400000, 0x04400000, 0x04850000)
  from space 512K, 100% used [0x048d0000, 0x04950000, 0x04950000)
  to   space 512K,   0% used [0x04850000, 0x04850000, 0x048d0000)
 tenured generation   total 10944K, used 1073K [0x09950000, 0x0a400000, 0x14400000)
   the space 10944K,   9% used [0x09950000, 0x09a5c560, 0x09a5c600, 0x0a400000)
 Metaspace       used 953K, capacity 2594K, committed 2624K, reserved 4480K
}
Event: 108.913 GC heap before
{Heap before GC invocations=1 (full 0):
 def new generation   total 4928K, used 4928K [0x04400000, 0x04950000, 0x09950000)
  eden space 4416K, 100% used [0x04400000, 0x04850000, 0x04850000)
  from space 512K, 100% used [0x048d0000, 0x04950000, 0x04950000)
  to   space 512K,   0% used [0x04850000, 0x04850000, 0x048d0000)
 tenured generation   total 10944K, used 1073K [0x09950000, 0x0a400000, 0x14400000)
   the space 10944K,   9% used [0x09950000, 0x09a5c560, 0x09a5c600, 0x0a400000)
 Metaspace       used 1218K, capacity 2695K, committed 2752K, reserved 4480K
Event: 108.918 GC heap after
Heap after GC invocations=2 (full 0):
 def new generation   total 4928K, used 190K [0x04400000, 0x04950000, 0x09950000)
  eden space 4416K,   0% used [0x04400000, 0x04400000, 0x04850000)
  from space 512K,  37% used [0x04850000, 0x0487f838, 0x048d0000)
  to   space 512K,   0% used [0x048d0000, 0x048d0000, 0x04950000)
 tenured generation   total 10944K, used 3960K [0x09950000, 0x0a400000, 0x14400000)
   the space 10944K,  36% used [0x09950000, 0x09d2e0a0, 0x09d2e200, 0x0a400000)
 Metaspace       used 1218K, capacity 2695K, committed 2752K, reserved 4480K
}

Deoptimization events (0 events):
No events

Classes redefined (0 events):
No events

Internal exceptions (10 events):
Event: 118.282 Thread 0x154d5400 Implicit null exception at 0x023ba9dd to 0x023bade9
Event: 118.282 Thread 0x154d5400 Exception <a 'java/lang/NullPointerException'> (0x04520b68) thrown at [C:\ade\jenkins\workspace\8-2-build-windows-i586-cygwin\jdk8u241\331\hotspot\src\share\vm\runtime\sharedRuntime.cpp, line 605]
Event: 118.289 Thread 0x154d5400 Implicit null exception at 0x023ba9dd to 0x023bade9
Event: 118.289 Thread 0x154d5400 Exception <a 'java/lang/NullPointerException'> (0x04520f30) thrown at [C:\ade\jenkins\workspace\8-2-build-windows-i586-cygwin\jdk8u241\331\hotspot\src\share\vm\runtime\sharedRuntime.cpp, line 605]
Event: 118.293 Thread 0x154d5400 Implicit null exception at 0x023ba9dd to 0x023bade9
Event: 118.293 Thread 0x154d5400 Exception <a 'java/lang/NullPointerException'> (0x045212f8) thrown at [C:\ade\jenkins\workspace\8-2-build-windows-i586-cygwin\jdk8u241\331\hotspot\src\share\vm\runtime\sharedRuntime.cpp, line 605]
Event: 118.298 Thread 0x154d5400 Implicit null exception at 0x023ba9dd to 0x023bade9
Event: 118.298 Thread 0x154d5400 Exception <a 'java/lang/NullPointerException'> (0x045216c0) thrown at [C:\ade\jenkins\workspace\8-2-build-windows-i586-cygwin\jdk8u241\331\hotspot\src\share\vm\runtime\sharedRuntime.cpp, line 605]
Event: 118.305 Thread 0x154d5400 Implicit null exception at 0x023ba9dd to 0x023bade9
Event: 118.305 Thread 0x154d5400 Exception <a 'java/lang/NullPointerException'> (0x04521b80) thrown at [C:\ade\jenkins\workspace\8-2-build-windows-i586-cygwin\jdk8u241\331\hotspot\src\share\vm\runtime\sharedRuntime.cpp, line 605]

Events (10 events):
Event: 103.081 loading class Clases/Puntos done
Event: 106.980 Thread 0x154d5400 DEOPT PACKING pc=0x02365b5f sp=0x1726eb60
Event: 106.980 Thread 0x154d5400 DEOPT UNPACKING pc=0x022ec5e5 sp=0x1726ea84 mode 3
Event: 108.913 Executing VM operation: GenCollectForAllocation
Event: 108.918 Executing VM operation: GenCollectForAllocation done
Event: 108.918 Executing VM operation: RevokeBias
Event: 108.918 Executing VM operation: RevokeBias done
Event: 108.918 Executing VM operation: RevokeBias
Event: 108.919 Executing VM operation: RevokeBias done
Event: 315.793 Thread 0x02244c00 flushing nmethod 0x02364788


Dynamic libraries:
0x00930000 - 0x00963000 	C:\Program Files (x86)\Java\jdk1.8.0_241\bin\java.exe
0x77990000 - 0x77b2a000 	C:\WINDOWS\SYSTEM32\ntdll.dll
0x75180000 - 0x75260000 	C:\WINDOWS\System32\KERNEL32.DLL
0x75720000 - 0x7591d000 	C:\WINDOWS\System32\KERNELBASE.dll
0x74600000 - 0x7469f000 	C:\WINDOWS\SYSTEM32\apphelp.dll
0x76340000 - 0x763b9000 	C:\WINDOWS\System32\ADVAPI32.dll
0x76480000 - 0x7653f000 	C:\WINDOWS\System32\msvcrt.dll
0x77490000 - 0x77506000 	C:\WINDOWS\System32\sechost.dll
0x763c0000 - 0x7647b000 	C:\WINDOWS\System32\RPCRT4.dll
0x75160000 - 0x75180000 	C:\WINDOWS\System32\SspiCli.dll
0x75150000 - 0x7515a000 	C:\WINDOWS\System32\CRYPTBASE.dll
0x76540000 - 0x7659f000 	C:\WINDOWS\System32\bcryptPrimitives.dll
0x765a0000 - 0x76737000 	C:\WINDOWS\System32\USER32.dll
0x752b0000 - 0x752c7000 	C:\WINDOWS\System32\win32u.dll
0x756f0000 - 0x75711000 	C:\WINDOWS\System32\GDI32.dll
0x75f30000 - 0x7608a000 	C:\WINDOWS\System32\gdi32full.dll
0x75530000 - 0x755ac000 	C:\WINDOWS\System32\msvcp_win.dll
0x760a0000 - 0x761bf000 	C:\WINDOWS\System32\ucrtbase.dll
0x749d0000 - 0x74bdf000 	C:\WINDOWS\WinSxS\x86_microsoft.windows.common-controls_6595b64144ccf1df_6.0.18362.657_none_2e72ec50278a619e\COMCTL32.dll
0x76740000 - 0x769b5000 	C:\WINDOWS\System32\combase.dll
0x75930000 - 0x75955000 	C:\WINDOWS\System32\IMM32.DLL
0x6c7b0000 - 0x6c86f000 	C:\Program Files (x86)\Java\jdk1.8.0_241\jre\bin\msvcr100.dll
0x6a730000 - 0x6ab0a000 	C:\Program Files (x86)\Java\jdk1.8.0_241\jre\bin\client\jvm.dll
0x76ff0000 - 0x76ff6000 	C:\WINDOWS\System32\PSAPI.DLL
0x74be0000 - 0x74be8000 	C:\WINDOWS\SYSTEM32\VERSION.dll
0x750f0000 - 0x75114000 	C:\WINDOWS\SYSTEM32\WINMM.dll
0x74510000 - 0x74518000 	C:\WINDOWS\SYSTEM32\WSOCK32.dll
0x77530000 - 0x7758e000 	C:\WINDOWS\System32\WS2_32.dll
0x750c0000 - 0x750e3000 	C:\WINDOWS\SYSTEM32\winmmbase.dll
0x77450000 - 0x7748b000 	C:\WINDOWS\System32\cfgmgr32.dll
0x6c770000 - 0x6c77c000 	C:\Program Files (x86)\Java\jdk1.8.0_241\jre\bin\verify.dll
0x6c740000 - 0x6c761000 	C:\Program Files (x86)\Java\jdk1.8.0_241\jre\bin\java.dll
0x6c720000 - 0x6c734000 	C:\Program Files (x86)\Java\jdk1.8.0_241\jre\bin\zip.dll
0x769c0000 - 0x76f3a000 	C:\WINDOWS\System32\SHELL32.dll
0x778f0000 - 0x77974000 	C:\WINDOWS\System32\shcore.dll
0x75960000 - 0x75f25000 	C:\WINDOWS\System32\windows.storage.dll
0x755c0000 - 0x755d7000 	C:\WINDOWS\System32\profapi.dll
0x752d0000 - 0x75313000 	C:\WINDOWS\System32\powrprof.dll
0x76330000 - 0x7633d000 	C:\WINDOWS\System32\UMPDC.dll
0x756a0000 - 0x756e4000 	C:\WINDOWS\System32\shlwapi.dll
0x778e0000 - 0x778ef000 	C:\WINDOWS\System32\kernel.appcore.dll
0x75680000 - 0x75693000 	C:\WINDOWS\System32\cryptsp.dll
0x6a4e0000 - 0x6a627000 	C:\Program Files (x86)\Java\jdk1.8.0_241\jre\bin\awt.dll
0x755e0000 - 0x75672000 	C:\WINDOWS\System32\OLEAUT32.dll
0x74c80000 - 0x74cfa000 	C:\WINDOWS\system32\uxtheme.dll
0x761c0000 - 0x762c3000 	C:\WINDOWS\System32\MSCTF.dll
0x775f0000 - 0x776e7000 	C:\WINDOWS\System32\ole32.dll
0x74840000 - 0x74865000 	C:\WINDOWS\system32\DWMAPI.DLL
0x6a460000 - 0x6a49a000 	C:\Program Files (x86)\Java\jdk1.8.0_241\jre\bin\fontmanager.dll
0x6a330000 - 0x6a42f000 	C:\WINDOWS\system32\opengl32.dll
0x6a4a0000 - 0x6a4df000 	C:\WINDOWS\SYSTEM32\GLU32.dll
0x747a0000 - 0x747b9000 	C:\WINDOWS\SYSTEM32\dxcore.dll
0x6c700000 - 0x6c716000 	C:\Program Files (x86)\Java\jdk1.8.0_241\jre\bin\net.dll
0x747e0000 - 0x74832000 	C:\WINDOWS\system32\mswsock.dll
0x6c6f0000 - 0x6c6ff000 	C:\Program Files (x86)\Java\jdk1.8.0_241\jre\bin\nio.dll
0x6a2f0000 - 0x6a322000 	C:\Program Files (x86)\Java\jdk1.8.0_241\jre\bin\t2k.dll
0x16030000 - 0x16042000 	C:\Program Files (x86)\Java\jdk1.8.0_241\jre\bin\rxtxSerial.dll
0x165b0000 - 0x165d7000 	C:\WINDOWS\SYSTEM32\crtdll.dll
0x74720000 - 0x74773000 	C:\WINDOWS\system32\Oleacc.dll
0x69dd0000 - 0x69df4000 	C:\Program Files (x86)\Java\jdk1.8.0_241\jre\bin\dcpr.dll
0x6b6a0000 - 0x6b724000 	C:\WINDOWS\System32\TextInputFramework.dll
0x6b200000 - 0x6b45e000 	C:\WINDOWS\System32\CoreUIComponents.dll
0x6b540000 - 0x6b5c9000 	C:\WINDOWS\System32\CoreMessaging.dll
0x73c30000 - 0x73c59000 	C:\WINDOWS\SYSTEM32\ntmarta.dll
0x6b460000 - 0x6b53a000 	C:\WINDOWS\SYSTEM32\wintypes.dll
0x6bb60000 - 0x6bd89000 	C:\WINDOWS\System32\iertutil.dll
0x73aa0000 - 0x73c2f000 	C:\WINDOWS\SYSTEM32\dbghelp.dll

VM Arguments:
jvm_args: -Dfile.encoding=UTF-8 
java_command: graficador.Principal
java_class_path (initial): D:\Development projects\Desktop\Graficador\jcommon-1.0.23.jar;D:\Development projects\Desktop\Graficador\jfreechart-1.0.19.jar;C:\Program Files (x86)\Java\jre1.8.0_241\lib\rxtxcomm-2.2.jar;D:\Development projects\Desktop\Graficador\build\classes
Launcher Type: SUN_STANDARD

Environment Variables:
JAVA_HOME=C:\Program Files\Java\jdk1.8.0_111
PATH=C:\Program Files (x86)\Common Files\Oracle\Java\javapath;C:\ProgramData\Oracle\Java\javapath;C:\tomcat-7.0.61\lib\sigar;C:\xampp\php;C:\WINDOWS\system32;C:\WINDOWS;C:\WINDOWS\System32\Wbem;C:\WINDOWS\System32\WindowsPowerShell\v1.0\;C:\Program Files (x86)\mosquitto;C:\Program Files (x86)\GtkSharp\2.12\bin;C:\WINDOWS\System32\OpenSSH\;C:\Program Files\NVIDIA Corporation\NVIDIA NvDLISR;C:\Program Files (x86)\QuickTime\QTSystem\;C:\Users\ASUS\AppData\Local\Programs\Python\Python36;C:\Program Files (x86)\Microsoft VS Code\bin;C:\ProgramData\ComposerSetup\bin;C:\Program Files\nodejs\;C:\WINDOWS\system32;C:\WINDOWS;C:\WINDOWS\System32\Wbem;C:\WINDOWS\System32\WindowsPowerShell\v1.0\;C:\WINDOWS\System32\OpenSSH\;C:\Program Files\Java\jdk1.8.0_111\bin;;C:\Program Files (x86)\NVIDIA Corporation\PhysX\Common;C:\Users\ASUS\AppData\Local\Programs\Python\Python35\Scripts\;C:\Users\ASUS\AppData\Local\Programs\Python\Python35\;C:\Users\ASUS\AppData\Local\Programs\Python\Python36\Scripts\;C:\Users\ASUS\AppData\Local\Programs\Python\Python36\;C:\Users\ASUS\AppData\Local\Microsoft\WindowsApps;C:\Program Files (x86)\Microsoft VS Code\bin;C:\Program Files\Git\bin;C:\Program Files\nodejs;C:\Windows\System32;C:\Users\ASUS\AppData\Local\Programs\MiKTeX 2.9\miktex\bin\x64\;C:\xampp\php\PEAR;C:\Users\ASUS\AppData\Roaming\npm;
USERNAME=Santiago
OS=Windows_NT
PROCESSOR_IDENTIFIER=Intel64 Family 6 Model 78 Stepping 3, GenuineIntel



---------------  S Y S T E M  ---------------

OS: Windows 10.0 , 64 bit Build 18362 (10.0.18362.329)

CPU:total 4 (initial active 4) (2 cores per cpu, 2 threads per core) family 6 model 78 stepping 3, cmov, cx8, fxsr, mmx, sse, sse2, sse3, ssse3, sse4.1, sse4.2, popcnt, avx, avx2, aes, clmul, erms, 3dnowpref, lzcnt, ht, tsc, tscinvbit, bmi1, bmi2, adx

Memory: 4k page, physical 8282192k(3179912k free), swap 19292240k(11156656k free)

vm_info: Java HotSpot(TM) Client VM (25.241-b07) for windows-x86 JRE (1.8.0_241-b07), built on Dec 11 2019 10:24:16 by "rejava" with MS VC++ 10.0 (VS2010)

time: Mon Feb 24 22:25:35 2020
timezone: Hora est. Pacífico, Sudamérica
elapsed time: 322 seconds (0d 0h 5m 22s)

